<?xml version="1.0" encoding="UTF-8"?>
<!-- Generated by org.testng.reporters.JUnitXMLReporter -->
<testsuite ignored="0" hostname="MYSHEC363760L" failures="0" tests="3" name="Default test" time="3.83" errors="0" timestamp="2020-12-08T03:50:08 IST">
  <testcase classname="responseLogFutureStepDef.ResponseLogFuture" name="test_given_api" time="0.983"/>
  <testcase classname="responseLogFutureStepDef.ResponseLogFuture" name="test_then_validate" time="2.318"/>
  <testcase classname="responseLogFutureStepDef.ResponseLogFuture" name="test_when_posted" time="0.475"/>
</testsuite> <!-- Default test -->
