<?xml version="1.0" encoding="UTF-8"?>
<testng-results ignored="0" total="3" passed="3" failed="0" skipped="0">
  <reporter-output>
  </reporter-output>
  <suite started-at="2020-12-08T03:50:04 IST" name="Default suite" finished-at="2020-12-08T03:50:08 IST" duration-ms="3830">
    <groups>
    </groups>
    <test started-at="2020-12-08T03:50:04 IST" name="Default test" finished-at="2020-12-08T03:50:08 IST" duration-ms="3830">
      <class name="responseLogFutureStepDef.TestRunner">
        <test-method signature="test_given_api()[pri:0, instance:responseLogFutureStepDef.TestRunner@770d3326]" started-at="2020-12-08T03:50:04 IST" name="test_given_api" finished-at="2020-12-08T03:50:05 IST" duration-ms="983" status="PASS">
          <reporter-output>
          </reporter-output>
        </test-method> <!-- test_given_api -->
        <test-method signature="test_then_validate()[pri:0, instance:responseLogFutureStepDef.TestRunner@770d3326]" started-at="2020-12-08T03:50:05 IST" name="test_then_validate" finished-at="2020-12-08T03:50:07 IST" duration-ms="2318" status="PASS">
          <reporter-output>
          </reporter-output>
        </test-method> <!-- test_then_validate -->
        <test-method signature="test_when_posted()[pri:0, instance:responseLogFutureStepDef.TestRunner@770d3326]" started-at="2020-12-08T03:50:07 IST" name="test_when_posted" finished-at="2020-12-08T03:50:08 IST" duration-ms="475" status="PASS">
          <reporter-output>
          </reporter-output>
        </test-method> <!-- test_when_posted -->
      </class> <!-- responseLogFutureStepDef.TestRunner -->
    </test> <!-- Default test -->
  </suite> <!-- Default suite -->
</testng-results>
