<?xml version="1.0" encoding="UTF-8"?>
<testng-results ignored="0" total="3" passed="3" failed="0" skipped="0">
  <reporter-output>
  </reporter-output>
  <suite started-at="2020-12-08T01:26:15 IST" name="Default suite" finished-at="2020-12-08T01:26:18 IST" duration-ms="3346">
    <groups>
    </groups>
    <test started-at="2020-12-08T01:26:15 IST" name="Default test" finished-at="2020-12-08T01:26:18 IST" duration-ms="3346">
      <class name="responseParsingStepDef.TestRunner">
        <test-method signature="test_given_api()[pri:0, instance:responseParsingStepDef.TestRunner@770d3326]" started-at="2020-12-08T01:26:15 IST" name="test_given_api" finished-at="2020-12-08T01:26:16 IST" duration-ms="955" status="PASS">
          <reporter-output>
          </reporter-output>
        </test-method> <!-- test_given_api -->
        <test-method signature="test_then_log()[pri:0, instance:responseParsingStepDef.TestRunner@770d3326]" started-at="2020-12-08T01:26:16 IST" name="test_then_log" finished-at="2020-12-08T01:26:18 IST" duration-ms="1949" status="PASS">
          <reporter-output>
          </reporter-output>
        </test-method> <!-- test_then_log -->
        <test-method signature="test_when_posted()[pri:0, instance:responseParsingStepDef.TestRunner@770d3326]" started-at="2020-12-08T01:26:18 IST" name="test_when_posted" finished-at="2020-12-08T01:26:18 IST" duration-ms="400" status="PASS">
          <reporter-output>
          </reporter-output>
        </test-method> <!-- test_when_posted -->
      </class> <!-- responseParsingStepDef.TestRunner -->
    </test> <!-- Default test -->
  </suite> <!-- Default suite -->
</testng-results>
