<?xml version="1.0" encoding="UTF-8"?>
<!-- Generated by org.testng.reporters.JUnitXMLReporter -->
<testsuite ignored="0" hostname="MYSHEC363760L" failures="0" tests="3" name="Default test" time="3.504" errors="0" timestamp="2020-12-08T04:07:00 IST">
  <testcase classname="negativeAssertFutureStepDef.NegAssertFuture" name="test_given" time="0.871"/>
  <testcase classname="negativeAssertFutureStepDef.NegAssertFuture" name="test_then_validate" time="2.099"/>
  <testcase classname="negativeAssertFutureStepDef.NegAssertFuture" name="test_when_posted" time="0.486"/>
</testsuite> <!-- Default test -->
