<?xml version="1.0" encoding="UTF-8"?>
<!-- Generated by org.testng.reporters.JUnitXMLReporter -->
<testsuite ignored="0" hostname="MYSHEC363760L" failures="0" tests="9" name="Default test" time="5.255" errors="0" timestamp="2020-12-08T04:54:16 IST">
  <testcase classname="annotationStepDef.ParameterProvider" name="test_given_api" time="0.786"/>
  <testcase classname="annotationStepDef.ParameterProvider" name="test_then_validate" time="1.973"/>
  <testcase classname="annotationStepDef.ParameterProvider" name="test_then_validate" time="0.477"/>
  <testcase classname="annotationStepDef.ParameterProvider" name="test_then_validate" time="0.501"/>
  <testcase classname="annotationStepDef.ParameterProvider" name="test_then_validate" time="0.503"/>
  <testcase classname="annotationStepDef.ParameterProvider" name="test_when_posted" time="0.225"/>
  <testcase classname="annotationStepDef.ParameterProvider" name="test_when_posted" time="0.248"/>
  <testcase classname="annotationStepDef.ParameterProvider" name="test_when_posted" time="0.232"/>
  <testcase classname="annotationStepDef.ParameterProvider" name="test_when_posted" time="0.244"/>
</testsuite> <!-- Default test -->
