<?xml version="1.0" encoding="UTF-8"?>
<!-- Generated by org.testng.reporters.JUnitXMLReporter -->
<testsuite ignored="0" hostname="MYSHEC363760L" failures="0" tests="7" name="Default test" time="4.908" errors="0" timestamp="2020-12-08T05:23:25 IST">
  <testcase classname="testngReportStepDef.ReportGenerate" name="test_given" time="0.939"/>
  <testcase classname="testngReportStepDef.ReportGenerate" name="test_then" time="2.168"/>
  <testcase classname="testngReportStepDef.ReportGenerate" name="test_then" time="0.491"/>
  <testcase classname="testngReportStepDef.ReportGenerate" name="test_then" time="0.518"/>
  <testcase classname="testngReportStepDef.ReportGenerate" name="test_when" time="0.247"/>
  <testcase classname="testngReportStepDef.ReportGenerate" name="test_when" time="0.232"/>
  <testcase classname="testngReportStepDef.ReportGenerate" name="test_when" time="0.223"/>
</testsuite> <!-- Default test -->
