<?xml version="1.0" encoding="UTF-8"?>
<testng-results ignored="0" total="7" passed="7" failed="0" skipped="0">
  <reporter-output>
  </reporter-output>
  <suite started-at="2020-12-08T05:23:20 IST" name="Default suite" finished-at="2020-12-08T05:23:25 IST" duration-ms="4908">
    <groups>
    </groups>
    <test started-at="2020-12-08T05:23:20 IST" name="Default test" finished-at="2020-12-08T05:23:25 IST" duration-ms="4908">
      <class name="testngReportStepDef.TestRunner">
        <test-method signature="test_given()[pri:0, instance:testngReportStepDef.TestRunner@37858383]" started-at="2020-12-08T05:23:20 IST" name="test_given" finished-at="2020-12-08T05:23:21 IST" duration-ms="939" status="PASS">
          <reporter-output>
          </reporter-output>
        </test-method> <!-- test_given -->
        <test-method signature="test_then(java.lang.String, java.lang.String, java.lang.String)[pri:0, instance:testngReportStepDef.TestRunner@37858383]" started-at="2020-12-08T05:23:21 IST" name="test_then" data-provider="Date" finished-at="2020-12-08T05:23:23 IST" duration-ms="2168" status="PASS">
          <params>
            <param index="0">
              <value>
                <![CDATA[2012]]>
              </value>
            </param>
            <param index="1">
              <value>
                <![CDATA[07]]>
              </value>
            </param>
            <param index="2">
              <value>
                <![CDATA[10]]>
              </value>
            </param>
          </params>
          <reporter-output>
          </reporter-output>
        </test-method> <!-- test_then -->
        <test-method signature="test_then(java.lang.String, java.lang.String, java.lang.String)[pri:0, instance:testngReportStepDef.TestRunner@37858383]" started-at="2020-12-08T05:23:23 IST" name="test_then" data-provider="Date" finished-at="2020-12-08T05:23:23 IST" duration-ms="491" status="PASS">
          <params>
            <param index="0">
              <value>
                <![CDATA[2010]]>
              </value>
            </param>
            <param index="1">
              <value>
                <![CDATA[11]]>
              </value>
            </param>
            <param index="2">
              <value>
                <![CDATA[1]]>
              </value>
            </param>
          </params>
          <reporter-output>
          </reporter-output>
        </test-method> <!-- test_then -->
        <test-method signature="test_then(java.lang.String, java.lang.String, java.lang.String)[pri:0, instance:testngReportStepDef.TestRunner@37858383]" started-at="2020-12-08T05:23:23 IST" name="test_then" data-provider="Date" finished-at="2020-12-08T05:23:24 IST" duration-ms="518" status="PASS">
          <params>
            <param index="0">
              <value>
                <![CDATA[2030]]>
              </value>
            </param>
            <param index="1">
              <value>
                <![CDATA[04]]>
              </value>
            </param>
            <param index="2">
              <value>
                <![CDATA[06]]>
              </value>
            </param>
          </params>
          <reporter-output>
          </reporter-output>
        </test-method> <!-- test_then -->
        <test-method signature="test_when(java.lang.String, java.lang.String, java.lang.String)[pri:0, instance:testngReportStepDef.TestRunner@37858383]" started-at="2020-12-08T05:23:24 IST" name="test_when" data-provider="Date" finished-at="2020-12-08T05:23:24 IST" duration-ms="247" status="PASS">
          <params>
            <param index="0">
              <value>
                <![CDATA[2012]]>
              </value>
            </param>
            <param index="1">
              <value>
                <![CDATA[07]]>
              </value>
            </param>
            <param index="2">
              <value>
                <![CDATA[10]]>
              </value>
            </param>
          </params>
          <reporter-output>
          </reporter-output>
        </test-method> <!-- test_when -->
        <test-method signature="test_when(java.lang.String, java.lang.String, java.lang.String)[pri:0, instance:testngReportStepDef.TestRunner@37858383]" started-at="2020-12-08T05:23:24 IST" name="test_when" data-provider="Date" finished-at="2020-12-08T05:23:24 IST" duration-ms="232" status="PASS">
          <params>
            <param index="0">
              <value>
                <![CDATA[2010]]>
              </value>
            </param>
            <param index="1">
              <value>
                <![CDATA[11]]>
              </value>
            </param>
            <param index="2">
              <value>
                <![CDATA[1]]>
              </value>
            </param>
          </params>
          <reporter-output>
          </reporter-output>
        </test-method> <!-- test_when -->
        <test-method signature="test_when(java.lang.String, java.lang.String, java.lang.String)[pri:0, instance:testngReportStepDef.TestRunner@37858383]" started-at="2020-12-08T05:23:24 IST" name="test_when" data-provider="Date" finished-at="2020-12-08T05:23:25 IST" duration-ms="223" status="PASS">
          <params>
            <param index="0">
              <value>
                <![CDATA[2030]]>
              </value>
            </param>
            <param index="1">
              <value>
                <![CDATA[04]]>
              </value>
            </param>
            <param index="2">
              <value>
                <![CDATA[06]]>
              </value>
            </param>
          </params>
          <reporter-output>
          </reporter-output>
        </test-method> <!-- test_when -->
      </class> <!-- testngReportStepDef.TestRunner -->
    </test> <!-- Default test -->
  </suite> <!-- Default suite -->
</testng-results>
