<?xml version="1.0" encoding="UTF-8"?>
<testng-results ignored="0" total="3" passed="3" failed="0" skipped="0">
  <reporter-output>
  </reporter-output>
  <suite started-at="2020-12-08T04:06:57 IST" name="Default suite" finished-at="2020-12-08T04:07:00 IST" duration-ms="3504">
    <groups>
    </groups>
    <test started-at="2020-12-08T04:06:57 IST" name="Default test" finished-at="2020-12-08T04:07:00 IST" duration-ms="3504">
      <class name="negativeAssertFutureStepDef.TestRunner">
        <test-method signature="test_given()[pri:0, instance:negativeAssertFutureStepDef.TestRunner@770d3326]" started-at="2020-12-08T04:06:57 IST" name="test_given" finished-at="2020-12-08T04:06:57 IST" duration-ms="871" status="PASS">
          <reporter-output>
          </reporter-output>
        </test-method> <!-- test_given -->
        <test-method signature="test_then_validate()[pri:0, instance:negativeAssertFutureStepDef.TestRunner@770d3326]" started-at="2020-12-08T04:06:57 IST" name="test_then_validate" finished-at="2020-12-08T04:07:00 IST" duration-ms="2099" status="PASS">
          <reporter-output>
          </reporter-output>
        </test-method> <!-- test_then_validate -->
        <test-method signature="test_when_posted()[pri:0, instance:negativeAssertFutureStepDef.TestRunner@770d3326]" started-at="2020-12-08T04:07:00 IST" name="test_when_posted" finished-at="2020-12-08T04:07:00 IST" duration-ms="486" status="PASS">
          <reporter-output>
          </reporter-output>
        </test-method> <!-- test_when_posted -->
      </class> <!-- negativeAssertFutureStepDef.TestRunner -->
    </test> <!-- Default test -->
  </suite> <!-- Default suite -->
</testng-results>
