<?xml version="1.0" encoding="UTF-8"?>
<!-- Generated by org.testng.reporters.JUnitXMLReporter -->
<testsuite ignored="0" hostname="MYSHEC363760L" failures="0" tests="3" name="Default test" time="7.238" errors="0" timestamp="2020-12-08T00:07:51 IST">
  <testcase classname="frameworkStepDefinitions.ForeignExchange" name="test_given_api" time="0.896"/>
  <testcase classname="frameworkStepDefinitions.ForeignExchange" name="test_then_validate" time="5.551"/>
  <testcase classname="frameworkStepDefinitions.ForeignExchange" name="test_when_posted" time="0.746"/>
</testsuite> <!-- Default test -->
