<?xml version="1.0" encoding="UTF-8"?>
<!-- Generated by org.testng.reporters.JUnitXMLReporter -->
<testsuite ignored="0" hostname="MYSHEC363760L" failures="0" tests="3" name="Default test" time="4.729" errors="0" timestamp="2020-12-08T03:22:19 IST">
  <testcase classname="assertResponseNegativeStepDef.ResponseAssertNegative" name="test_given_api" time="0.974"/>
  <testcase classname="assertResponseNegativeStepDef.ResponseAssertNegative" name="test_then_assert" time="2.072"/>
  <testcase classname="assertResponseNegativeStepDef.ResponseAssertNegative" name="test_when_posted" time="1.62"/>
</testsuite> <!-- Default test -->
