<?xml version="1.0" encoding="UTF-8"?>
<!-- Generated by org.testng.reporters.JUnitXMLReporter -->
<testsuite ignored="0" hostname="MYSHEC363760L" failures="0" tests="3" name="Default test" time="3.261" errors="0" timestamp="2020-12-08T02:12:09 IST">
  <testcase classname="responseAssertionStepDef.ResponseAssert" name="test_given_api" time="0.901"/>
  <testcase classname="responseAssertionStepDef.ResponseAssert" name="test_then_validate" time="2.028"/>
  <testcase classname="responseAssertionStepDef.ResponseAssert" name="test_when_passing" time="0.269"/>
</testsuite> <!-- Default test -->
