<?xml version="1.0" encoding="UTF-8"?>
<testng-results ignored="0" total="9" passed="9" failed="0" skipped="0">
  <reporter-output>
  </reporter-output>
  <suite started-at="2020-12-08T04:54:10 IST" name="Default suite" finished-at="2020-12-08T04:54:16 IST" duration-ms="5255">
    <groups>
    </groups>
    <test started-at="2020-12-08T04:54:10 IST" name="Default test" finished-at="2020-12-08T04:54:16 IST" duration-ms="5255">
      <class name="annotationStepDef.TestRunner">
        <test-method signature="test_given_api()[pri:0, instance:annotationStepDef.TestRunner@776b83cc]" started-at="2020-12-08T04:54:10 IST" name="test_given_api" finished-at="2020-12-08T04:54:11 IST" duration-ms="786" status="PASS">
          <reporter-output>
          </reporter-output>
        </test-method> <!-- test_given_api -->
        <test-method signature="test_then_validate(java.lang.String, java.lang.String, java.lang.String)[pri:0, instance:annotationStepDef.TestRunner@776b83cc]" started-at="2020-12-08T04:54:11 IST" name="test_then_validate" data-provider="Date" finished-at="2020-12-08T04:54:13 IST" duration-ms="1973" status="PASS">
          <params>
            <param index="0">
              <value>
                <![CDATA[2002]]>
              </value>
            </param>
            <param index="1">
              <value>
                <![CDATA[08]]>
              </value>
            </param>
            <param index="2">
              <value>
                <![CDATA[10]]>
              </value>
            </param>
          </params>
          <reporter-output>
          </reporter-output>
        </test-method> <!-- test_then_validate -->
        <test-method signature="test_then_validate(java.lang.String, java.lang.String, java.lang.String)[pri:0, instance:annotationStepDef.TestRunner@776b83cc]" started-at="2020-12-08T04:54:13 IST" name="test_then_validate" data-provider="Date" finished-at="2020-12-08T04:54:14 IST" duration-ms="477" status="PASS">
          <params>
            <param index="0">
              <value>
                <![CDATA[2010]]>
              </value>
            </param>
            <param index="1">
              <value>
                <![CDATA[11]]>
              </value>
            </param>
            <param index="2">
              <value>
                <![CDATA[01]]>
              </value>
            </param>
          </params>
          <reporter-output>
          </reporter-output>
        </test-method> <!-- test_then_validate -->
        <test-method signature="test_then_validate(java.lang.String, java.lang.String, java.lang.String)[pri:0, instance:annotationStepDef.TestRunner@776b83cc]" started-at="2020-12-08T04:54:14 IST" name="test_then_validate" data-provider="Date" finished-at="2020-12-08T04:54:14 IST" duration-ms="501" status="PASS">
          <params>
            <param index="0">
              <value>
                <![CDATA[2024]]>
              </value>
            </param>
            <param index="1">
              <value>
                <![CDATA[04]]>
              </value>
            </param>
            <param index="2">
              <value>
                <![CDATA[06]]>
              </value>
            </param>
          </params>
          <reporter-output>
          </reporter-output>
        </test-method> <!-- test_then_validate -->
        <test-method signature="test_then_validate(java.lang.String, java.lang.String, java.lang.String)[pri:0, instance:annotationStepDef.TestRunner@776b83cc]" started-at="2020-12-08T04:54:14 IST" name="test_then_validate" data-provider="Date" finished-at="2020-12-08T04:54:15 IST" duration-ms="503" status="PASS">
          <params>
            <param index="0">
              <value>
                <![CDATA[2020]]>
              </value>
            </param>
            <param index="1">
              <value>
                <![CDATA[09]]>
              </value>
            </param>
            <param index="2">
              <value>
                <![CDATA[24]]>
              </value>
            </param>
          </params>
          <reporter-output>
          </reporter-output>
        </test-method> <!-- test_then_validate -->
        <test-method signature="test_when_posted(java.lang.String, java.lang.String, java.lang.String)[pri:0, instance:annotationStepDef.TestRunner@776b83cc]" started-at="2020-12-08T04:54:15 IST" name="test_when_posted" data-provider="Date" finished-at="2020-12-08T04:54:15 IST" duration-ms="225" status="PASS">
          <params>
            <param index="0">
              <value>
                <![CDATA[2002]]>
              </value>
            </param>
            <param index="1">
              <value>
                <![CDATA[08]]>
              </value>
            </param>
            <param index="2">
              <value>
                <![CDATA[10]]>
              </value>
            </param>
          </params>
          <reporter-output>
          </reporter-output>
        </test-method> <!-- test_when_posted -->
        <test-method signature="test_when_posted(java.lang.String, java.lang.String, java.lang.String)[pri:0, instance:annotationStepDef.TestRunner@776b83cc]" started-at="2020-12-08T04:54:15 IST" name="test_when_posted" data-provider="Date" finished-at="2020-12-08T04:54:15 IST" duration-ms="248" status="PASS">
          <params>
            <param index="0">
              <value>
                <![CDATA[2010]]>
              </value>
            </param>
            <param index="1">
              <value>
                <![CDATA[11]]>
              </value>
            </param>
            <param index="2">
              <value>
                <![CDATA[01]]>
              </value>
            </param>
          </params>
          <reporter-output>
          </reporter-output>
        </test-method> <!-- test_when_posted -->
        <test-method signature="test_when_posted(java.lang.String, java.lang.String, java.lang.String)[pri:0, instance:annotationStepDef.TestRunner@776b83cc]" started-at="2020-12-08T04:54:15 IST" name="test_when_posted" data-provider="Date" finished-at="2020-12-08T04:54:15 IST" duration-ms="232" status="PASS">
          <params>
            <param index="0">
              <value>
                <![CDATA[2024]]>
              </value>
            </param>
            <param index="1">
              <value>
                <![CDATA[04]]>
              </value>
            </param>
            <param index="2">
              <value>
                <![CDATA[06]]>
              </value>
            </param>
          </params>
          <reporter-output>
          </reporter-output>
        </test-method> <!-- test_when_posted -->
        <test-method signature="test_when_posted(java.lang.String, java.lang.String, java.lang.String)[pri:0, instance:annotationStepDef.TestRunner@776b83cc]" started-at="2020-12-08T04:54:15 IST" name="test_when_posted" data-provider="Date" finished-at="2020-12-08T04:54:16 IST" duration-ms="244" status="PASS">
          <params>
            <param index="0">
              <value>
                <![CDATA[2020]]>
              </value>
            </param>
            <param index="1">
              <value>
                <![CDATA[09]]>
              </value>
            </param>
            <param index="2">
              <value>
                <![CDATA[24]]>
              </value>
            </param>
          </params>
          <reporter-output>
          </reporter-output>
        </test-method> <!-- test_when_posted -->
      </class> <!-- annotationStepDef.TestRunner -->
    </test> <!-- Default test -->
  </suite> <!-- Default suite -->
</testng-results>
