<?xml version="1.0" encoding="UTF-8"?>
<!-- Generated by org.testng.reporters.JUnitXMLReporter -->
<testsuite ignored="0" hostname="MYSHEC363760L" failures="0" tests="3" name="Default test" time="3.346" errors="0" timestamp="2020-12-08T01:26:18 IST">
  <testcase classname="responseParsingStepDef.ResponseParse" name="test_given_api" time="0.955"/>
  <testcase classname="responseParsingStepDef.ResponseParse" name="test_then_log" time="1.949"/>
  <testcase classname="responseParsingStepDef.ResponseParse" name="test_when_posted" time="0.4"/>
</testsuite> <!-- Default test -->
