<?xml version="1.0" encoding="UTF-8"?>
<!-- Generated by org.testng.reporters.JUnitXMLReporter -->
<testsuite ignored="0" hostname="MYSHEC363760L" failures="0" tests="3" name="Default test" time="3.723" errors="0" timestamp="2020-12-08T02:49:45 IST">
  <testcase classname="responseLogNegStepDef.ResponseLogNegative" name="test_given_api" time="0.94"/>
  <testcase classname="responseLogNegStepDef.ResponseLogNegative" name="test_then_log" time="2.251"/>
  <testcase classname="responseLogNegStepDef.ResponseLogNegative" name="test_when_posted" time="0.479"/>
</testsuite> <!-- Default test -->
