<?xml version="1.0" encoding="UTF-8"?>
<testng-results ignored="0" total="3" passed="3" failed="0" skipped="0">
  <reporter-output>
  </reporter-output>
  <suite started-at="2020-12-08T03:22:14 IST" name="Default suite" finished-at="2020-12-08T03:22:19 IST" duration-ms="4729">
    <groups>
    </groups>
    <test started-at="2020-12-08T03:22:14 IST" name="Default test" finished-at="2020-12-08T03:22:19 IST" duration-ms="4729">
      <class name="assertResponseNegativeStepDef.TestRunner">
        <test-method signature="test_given_api()[pri:0, instance:assertResponseNegativeStepDef.TestRunner@46fa7c39]" started-at="2020-12-08T03:22:14 IST" name="test_given_api" finished-at="2020-12-08T03:22:15 IST" duration-ms="974" status="PASS">
          <reporter-output>
          </reporter-output>
        </test-method> <!-- test_given_api -->
        <test-method signature="test_then_assert()[pri:0, instance:assertResponseNegativeStepDef.TestRunner@46fa7c39]" started-at="2020-12-08T03:22:15 IST" name="test_then_assert" finished-at="2020-12-08T03:22:17 IST" duration-ms="2072" status="PASS">
          <reporter-output>
          </reporter-output>
        </test-method> <!-- test_then_assert -->
        <test-method signature="test_when_posted()[pri:0, instance:assertResponseNegativeStepDef.TestRunner@46fa7c39]" started-at="2020-12-08T03:22:17 IST" name="test_when_posted" finished-at="2020-12-08T03:22:19 IST" duration-ms="1620" status="PASS">
          <reporter-output>
          </reporter-output>
        </test-method> <!-- test_when_posted -->
      </class> <!-- assertResponseNegativeStepDef.TestRunner -->
    </test> <!-- Default test -->
  </suite> <!-- Default suite -->
</testng-results>
